<?xml version="1.0" encoding="UTF-8"?>
<!--
  ~ Â©2016 Rick Qian. some rights reserved.
  -->

<beans xmlns="http://www.springframework.org/schema/beans"
       xmlns:xsi="http://www.w3.org/2001/XMLSchema-instance"
       xsi:schemaLocation=
               "http://www.springframework.org/schema/beans		http://www.springframework.org/schema/beans/spring-beans-3.1.xsd">

    <bean id="dataSource" class="com.mchange.v2.c3p0.ComboPooledDataSource" destroy-method="close">
        <property name="dataSourceName" value="test-dataSource"/>
        <property name="driverClass" value="${jdbc.driver}"/>
        <property name="jdbcUrl" value="${jdbc.url}"/>
        <property name="user" value="${jdbc.username}"/>
        <property name="password" value="${jdbc.password}"/>
        <property name="initialPoolSize" value="${jdbc.initialPoolSize}"/>
        <property name="minPoolSize" value="${jdbc.minPoolSize}"/>
        <property name="maxPoolSize" value="${jdbc.maxPoolSize}"/>
        <property name="preferredTestQuery" value="SELECT NOW()"/>
        <property name="checkoutTimeout" value="30000"/>
        <property name="testConnectionOnCheckin" value="true"/>
        <property name="testConnectionOnCheckout" value="true"/>
        <property name="maxIdleTime" value="10"/>
    </bean>

</beans>