<?xml version="1.0" encoding="UTF-8"?>
<!--
  ~ Â©2016 Rick Qian. some rights reserved.
  -->

<beans xmlns="http://www.springframework.org/schema/beans"
       xmlns:xsi="http://www.w3.org/2001/XMLSchema-instance"
       xmlns:context="http://www.springframework.org/schema/context"
       xmlns:mybatis="http://mybatis.org/schema/mybatis-spring"
       xsi:schemaLocation=
               "http://www.springframework.org/schema/beans     http://www.springframework.org/schema/beans/spring-beans-3.1.xsd
                http://www.springframework.org/schema/context	http://www.springframework.org/schema/context/spring-context-3.1.xsd
                http://mybatis.org/schema/mybatis-spring        http://mybatis.org/schema/mybatis-spring.xsd">

    <!--<context:component-scan base-package="com.rick.qian.test.service"/>-->
    <mybatis:scan base-package="com.rick.qian.test.dao.mapper"/>

</beans>