<?xml version="1.0" encoding="UTF-8"?>
<!--
  ~ ©2016 Rick Qian. some rights reserved.
  -->

<beans xmlns="http://www.springframework.org/schema/beans"
       xmlns:xsi="http://www.w3.org/2001/XMLSchema-instance"
       xsi:schemaLocation=
               "http://www.springframework.org/schema/beans		http://www.springframework.org/schema/beans/spring-beans-3.1.xsd">


    <bean class="com.rick.qian.framework.config.MyPropertyPlaceholderConfigurer">
        <property name="propertiesFiles">
            <list>
                <value>G:properties/mysql-jdbc.properties</value>
                <value>P:properties/mysql-jdbc.properties</value>
            </list>
        </property>
    </bean>


    <bean id="dataSource" class="com.mchange.v2.c3p0.ComboPooledDataSource" destroy-method="close">
        <property name="dataSourceName" value="report-dataSource"/>
        <property name="driverClass" value="${jdbc.driver}"/>
        <property name="jdbcUrl" value="${jdbc.url}"/>
        <property name="user" value="${jdbc.username}"/>
        <property name="password" value="${jdbc.password}"/>
        <property name="initialPoolSize" value="${jdbc.initialPoolSize}"/>
        <property name="minPoolSize" value="${jdbc.minPoolSize}"/>
        <property name="maxPoolSize" value="${jdbc.maxPoolSize}"/>
        <property name="preferredTestQuery" value="SELECT NOW()"/>
        <property name="checkoutTimeout" value="30000"/>
        <property name="testConnectionOnCheckin" value="true"/>
        <property name="testConnectionOnCheckout" value="true"/>
        <property name="maxIdleTime" value="10"/>
    </bean>


    <bean id="sqlSessionFactory" class="org.mybatis.spring.SqlSessionFactoryBean">
        <!-- 加入mybatis配置文件 -->
        <property name="configLocation" value="classpath:config/mybatis-configuration.xml"/>
        <property name="mapperLocations">
            <list>
                <value>classpath*:mybatis/mapper/**/*.xml</value>
            </list>
        </property>
        <property name="dataSource" ref="dataSource"/>
    </bean>

</beans>