<?xml version="1.0" encoding="UTF-8"?>
<!--
  ~ ©2016 Rick Qian. some rights reserved.
  -->

<beans xmlns="http://www.springframework.org/schema/beans"
       xmlns:xsi="http://www.w3.org/2001/XMLSchema-instance" xmlns:mybatis="http://mybatis.org/schema/mybatis-spring"
       xsi:schemaLocation="http://www.springframework.org/schema/beans http://www.springframework.org/schema/beans/spring-beans.xsd http://mybatis.org/schema/mybatis-spring http://mybatis.org/schema/mybatis-spring.xsd">

    <bean id="sqlSessionFactory" class="org.mybatis.spring.SqlSessionFactoryBean">
        <!-- 加入mybatis配置文件 -->
        <property name="configLocation" value="classpath:config/mybatis-configuration.xml"/>
        <property name="mapperLocations">
            <list>
                <value>classpath*:mybatis/mapper/**/*.xml</value>
            </list>
        </property>
        <property name="dataSource" ref="dataSource"/>
    </bean>

    <mybatis:scan base-package="com.rick.qian.member.dao.mapper"/>

</beans>