<?xml version="1.0" encoding="UTF-8"?>
<!--
  ~ Â©2016 Jesse. some rights reserved.
  -->

<beans xmlns="http://www.springframework.org/schema/beans"
       xmlns:xsi="http://www.w3.org/2001/XMLSchema-instance"
       xsi:schemaLocation=
               "http://www.springframework.org/schema/beans		http://www.springframework.org/schema/beans/spring-beans-3.1.xsd">

    <import resource="classpath:META-INF/spring/common-service-context.xml"/>

</beans>